<?xml version="1.0" encoding="utf-8"?><testsuites name="pytest tests"><testsuite name="pytest" errors="13" failures="2" skipped="0" tests="55" time="20.913" timestamp="2026-09-06T21:43:31.894460+00:00" hostname="agent-env-030f9f42-dad5-4055-a8bd-91f5d3098019"><testcase classname="tests.backend_test.TestAuth" name="test_signup_phone" time="0.890" /><testcase classname="tests.backend_test.TestAuth" name="test_signup_missing_creds" time="0.067" /><testcase classname="tests.backend_test.TestAuth" name="test_signup_short_password" time="0.073" /><testcase classname="tests.test_new_features.TestDriverApplication" name="test_apply_and_status" time="3.197" /><testcase classname="tests.backend_test.TestAuth" name="test_signup_duplicate_email" time="1.680" /><testcase classname="tests.backend_test.TestAuth" name="test_login_bad_password" time="0.389" /><testcase classname="tests.backend_test.TestAuth" name="test_login_bad_phone_name" time="0.166" /><testcase classname="tests.test_new_features.TestDriverApplication" name="test_pending_cannot_go_online" time="0.208" /><testcase classname="tests.backend_test.TestAuth" name="test_me" time="0.164" /><testcase classname="tests.test_new_features.TestDriverApplication" name="test_admin_sees_application" time="0.271" /><testcase classname="tests.backend_test.TestAuth" name="test_me_no_token" time="0.068" /><testcase classname="tests.test_round3_pricing_eta.TestAdminConfig" name="test_public_config_open" time="0.215" /><testcase classname="tests.test_new_features.TestDriverApplication" name="test_admin_stats_includes_pending" time="1.497" /><testcase classname="tests.test_round3_pricing_eta.TestAdminConfig" name="test_admin_get_config_requires_admin" time="1.243" /><testcase classname="tests.test_round3_pricing_eta.TestAdminConfig" name="test_admin_can_get_config" time="0.254" /><testcase classname="tests.test_new_features.TestDriverApplication" name="test_admin_approve_then_driver_can_go_online" time="1.094" /><testcase classname="tests.test_round3_pricing_eta.TestAdminConfig" name="test_admin_update_persists_and_public_reflects" time="0.610" /><testcase classname="tests.test_round3_pricing_eta.TestAdminConfig" name="test_admin_config_empty_body_422" time="0.160" /><testcase classname="tests.test_round3_pricing_eta.TestAdminConfig" name="test_customer_cannot_update_config" time="0.155" /><testcase classname="tests.backend_test.TestAdmin" name="test_stats" time="1.307" /><testcase classname="tests.test_new_features.TestDriverApplication" name="test_reject_flow_on_new_applicant" time="1.686" /><testcase classname="tests.backend_test.TestAdmin" name="test_users_list" time="0.271" /><testcase classname="tests.backend_test.TestAdmin" name="test_customer_cannot_call_admin" time="0.170" /><testcase classname="tests.backend_test.TestAdmin" name="test_change_role" time="1.135" /><testcase classname="tests.backend_test.TestCatalog" name="test_landmarks" time="0.422" /><testcase classname="tests.backend_test.TestCatalog" name="test_stores" time="0.156" /><testcase classname="tests.backend_test.TestCatalog" name="test_store_by_id" time="0.320" /><testcase classname="tests.backend_test.TestCatalog" name="test_store_404" time="0.168" /><testcase classname="tests.backend_test.TestCatalog" name="test_estimate" time="0.357" /><testcase classname="tests.backend_test.TestAdmin" name="test_admin_orders" time="0.373" /><testcase classname="tests.test_new_features.TestGcashRatingsComplaints" name="test_gcash_submit_and_confirm" time="0.980"><error message="failed on setup with &quot;assert 409 == 200&#10; +  where 409 = &lt;Response [409]&gt;.status_code&quot;">backend/tests/test_new_features.py:53: in actors
    assert r.status_code == 200
E   assert 409 == 200
E    +  where 409 = &lt;Response [409]&gt;.status_code</error></testcase><testcase classname="tests.test_new_features.TestGcashRatingsComplaints" name="test_rating_flow" time="0.000"><error message="failed on setup with &quot;assert 409 == 200&#10; +  where 409 = &lt;Response [409]&gt;.status_code&quot;">backend/tests/test_new_features.py:53: in actors
    assert r.status_code == 200
E   assert 409 == 200
E    +  where 409 = &lt;Response [409]&gt;.status_code</error></testcase><testcase classname="tests.test_new_features.TestGcashRatingsComplaints" name="test_driver_earnings" time="0.000"><error message="failed on setup with &quot;assert 409 == 200&#10; +  where 409 = &lt;Response [409]&gt;.status_code&quot;">backend/tests/test_new_features.py:53: in actors
    assert r.status_code == 200
E   assert 409 == 200
E    +  where 409 = &lt;Response [409]&gt;.status_code</error></testcase><testcase classname="tests.test_new_features.TestGcashRatingsComplaints" name="test_complaint_flow" time="0.000"><error message="failed on setup with &quot;assert 409 == 200&#10; +  where 409 = &lt;Response [409]&gt;.status_code&quot;">backend/tests/test_new_features.py:53: in actors
    assert r.status_code == 200
E   assert 409 == 200
E    +  where 409 = &lt;Response [409]&gt;.status_code</error></testcase><testcase classname="tests.test_new_features.TestUpload" name="test_upload_and_serve_own" time="2.986" /><testcase classname="tests.backend_test.TestRideFlow" name="test_ride_end_to_end" time="6.716" /><testcase classname="tests.test_new_features.TestUpload" name="test_serve_no_token" time="0.066" /><testcase classname="tests.test_new_features.TestUpload" name="test_serve_forbidden_for_other_user" time="0.168" /><testcase classname="tests.test_new_features.TestUpload" name="test_serve_ok_for_admin" time="0.295" /><testcase classname="tests.backend_test.TestDriver" name="test_offline_no_requests" time="0.928"><failure message="assert True is False">backend/tests/backend_test.py:243: in test_offline_no_requests
    assert r.json()['online'] is False
E   assert True is False</failure></testcase><testcase classname="tests.backend_test.TestDriver" name="test_customer_cannot_call_driver_endpoints" time="0.187" /><testcase classname="tests.backend_test.TestDriver" name="test_driver_active_history" time="0.743" /><testcase classname="tests.test_round3_pricing_eta.TestEta" name="test_order_eta_by_status" time="0.808"><error message="failed on setup with &quot;AssertionError: {&quot;detail&quot;:&quot;Email already registered&quot;}&#10;assert 409 == 200&#10; +  where 409 = &lt;Response [409]&gt;.status_code&quot;">backend/tests/test_round3_pricing_eta.py:47: in actors
    assert r.status_code == 200, r.text
E   AssertionError: {"detail":"Email already registered"}
E   assert 409 == 200
E    +  where 409 = &lt;Response [409]&gt;.status_code</error></testcase><testcase classname="tests.test_round3_pricing_eta.TestEta" name="test_ride_eta_present_and_positive" time="0.000"><error message="failed on setup with &quot;AssertionError: {&quot;detail&quot;:&quot;Email already registered&quot;}&#10;assert 409 == 200&#10; +  where 409 = &lt;Response [409]&gt;.status_code&quot;">backend/tests/test_round3_pricing_eta.py:47: in actors
    assert r.status_code == 200, r.text
E   AssertionError: {"detail":"Email already registered"}
E   assert 409 == 200
E    +  where 409 = &lt;Response [409]&gt;.status_code</error></testcase><testcase classname="tests.test_round3_pricing_eta.TestEta" name="test_ride_eta_changes_with_status" time="0.000"><error message="failed on setup with &quot;AssertionError: {&quot;detail&quot;:&quot;Email already registered&quot;}&#10;assert 409 == 200&#10; +  where 409 = &lt;Response [409]&gt;.status_code&quot;">backend/tests/test_round3_pricing_eta.py:47: in actors
    assert r.status_code == 200, r.text
E   AssertionError: {"detail":"Email already registered"}
E   assert 409 == 200
E    +  where 409 = &lt;Response [409]&gt;.status_code</error></testcase><testcase classname="tests.backend_test.TestOrderFlow" name="test_preset_order_flow" time="0.531"><failure message="assert 44.0 == 35.0">backend/tests/backend_test.py:212: in test_preset_order_flow
    assert order['service_fee'] == 35.0
E   assert 44.0 == 35.0</failure></testcase><testcase classname="tests.backend_test.TestOrderFlow" name="test_custom_order" time="0.372" /><testcase classname="tests.backend_test.TestRideFlow" name="test_customer_can_cancel_ride" time="1.258" /><testcase classname="tests.test_round3_pricing_eta.TestPabiliDynamicFee" name="test_custom_order_with_weight_and_item_count" time="0.796"><error message="failed on setup with &quot;AssertionError: {&quot;detail&quot;:&quot;Email already registered&quot;}&#10;assert 409 == 200&#10; +  where 409 = &lt;Response [409]&gt;.status_code&quot;">backend/tests/test_round3_pricing_eta.py:47: in actors
    assert r.status_code == 200, r.text
E   AssertionError: {"detail":"Email already registered"}
E   assert 409 == 200
E    +  where 409 = &lt;Response [409]&gt;.status_code</error></testcase><testcase classname="tests.test_round3_pricing_eta.TestPabiliDynamicFee" name="test_preset_order_uses_qty_as_item_count" time="0.000"><error message="failed on setup with &quot;AssertionError: {&quot;detail&quot;:&quot;Email already registered&quot;}&#10;assert 409 == 200&#10; +  where 409 = &lt;Response [409]&gt;.status_code&quot;">backend/tests/test_round3_pricing_eta.py:47: in actors
    assert r.status_code == 200, r.text
E   AssertionError: {"detail":"Email already registered"}
E   assert 409 == 200
E    +  where 409 = &lt;Response [409]&gt;.status_code</error></testcase><testcase classname="tests.test_round3_pricing_eta.TestAdminUsersOrders" name="test_users_list_ok" time="0.000"><error message="failed on setup with &quot;AssertionError: {&quot;detail&quot;:&quot;Email already registered&quot;}&#10;assert 409 == 200&#10; +  where 409 = &lt;Response [409]&gt;.status_code&quot;">backend/tests/test_round3_pricing_eta.py:47: in actors
    assert r.status_code == 200, r.text
E   AssertionError: {"detail":"Email already registered"}
E   assert 409 == 200
E    +  where 409 = &lt;Response [409]&gt;.status_code</error></testcase><testcase classname="tests.test_round3_pricing_eta.TestAdminUsersOrders" name="test_admin_orders_ok" time="0.000"><error message="failed on setup with &quot;AssertionError: {&quot;detail&quot;:&quot;Email already registered&quot;}&#10;assert 409 == 200&#10; +  where 409 = &lt;Response [409]&gt;.status_code&quot;">backend/tests/test_round3_pricing_eta.py:47: in actors
    assert r.status_code == 200, r.text
E   AssertionError: {"detail":"Email already registered"}
E   assert 409 == 200
E    +  where 409 = &lt;Response [409]&gt;.status_code</error></testcase><testcase classname="tests.test_round3_pricing_eta.TestRideDynamicFare" name="test_ride_stores_zone_distance_and_uses_cfg" time="0.000"><error message="failed on setup with &quot;AssertionError: {&quot;detail&quot;:&quot;Email already registered&quot;}&#10;assert 409 == 200&#10; +  where 409 = &lt;Response [409]&gt;.status_code&quot;">backend/tests/test_round3_pricing_eta.py:47: in actors
    assert r.status_code == 200, r.text
E   AssertionError: {"detail":"Email already registered"}
E   assert 409 == 200
E    +  where 409 = &lt;Response [409]&gt;.status_code</error></testcase><testcase classname="tests.backend_test.TestRideFlow" name="test_customer_cannot_advance_ride" time="1.017" /><testcase classname="tests.test_new_features.TestBanDriver" name="test_ban_then_unban" time="1.169"><error message="failed on setup with &quot;assert 409 == 200&#10; +  where 409 = &lt;Response [409]&gt;.status_code&quot;">backend/tests/test_new_features.py:53: in actors
    assert r.status_code == 200
E   assert 409 == 200
E    +  where 409 = &lt;Response [409]&gt;.status_code</error></testcase></testsuite></testsuites>