<?xml version="1.0" encoding="utf-8"?><testsuites name="pytest tests"><testsuite name="pytest" errors="0" failures="0" skipped="0" tests="12" time="14.643" timestamp="2026-09-06T21:47:08.217103+00:00" hostname="agent-env-030f9f42-dad5-4055-a8bd-91f5d3098019"><testcase classname="tests.test_round4_payouts_trusted.TestAuthRegression" name="test_signup_email_password_then_login" time="1.385" /><testcase classname="tests.test_round4_payouts_trusted.TestAuthRegression" name="test_signup_phone_name_then_login" time="0.676" /><testcase classname="tests.test_round4_payouts_trusted.TestAuthRegression" name="test_wrong_password_401" time="1.402" /><testcase classname="tests.test_round4_payouts_trusted.TestRideLifecycle" name="test_ride_lifecycle_and_rating" time="5.212" /><testcase classname="tests.test_round4_payouts_trusted.TestPabiliLifecycle" name="test_custom_order_full_flow" time="2.786" /><testcase classname="tests.test_round4_payouts_trusted.TestTrustedConfig" name="test_public_config_includes_trusted_keys" time="0.158" /><testcase classname="tests.test_round4_payouts_trusted.TestTrustedConfig" name="test_admin_updates_and_persists_trust" time="1.315" /><testcase classname="tests.test_round4_payouts_trusted.TestTrustedConfig" name="test_admin_config_forbidden_for_non_admin" time="0.158" /><testcase classname="tests.test_round4_payouts_trusted.TestPayouts" name="test_payouts_forbidden_for_non_admin" time="0.411" /><testcase classname="tests.test_round4_payouts_trusted.TestPayouts" name="test_payouts_all_time_shape" time="0.356" /><testcase classname="tests.test_round4_payouts_trusted.TestPayouts" name="test_payouts_date_from_future_returns_empty_report" time="0.352" /><testcase classname="tests.test_round4_payouts_trusted.TestPayouts" name="test_payouts_today_range_returns_row_with_totals_summing" time="0.356" /></testsuite></testsuites>