<?xml version="1.0" encoding="utf-8"?><testsuites name="pytest tests"><testsuite name="pytest" errors="0" failures="0" skipped="0" tests="15" time="4.053" timestamp="2026-08-16T21:28:20.179730+00:00" hostname="agent-env-030f9f42-dad5-4055-a8bd-91f5d3098019"><testcase classname="tests.test_new_features.TestUpload" name="test_upload_and_serve_own" time="1.994" /><testcase classname="tests.test_new_features.TestDriverApplication" name="test_apply_and_status" time="1.885" /><testcase classname="tests.test_new_features.TestDriverApplication" name="test_pending_cannot_go_online" time="0.075" /><testcase classname="tests.test_new_features.TestDriverApplication" name="test_admin_sees_application" time="0.073" /><testcase classname="tests.test_new_features.TestUpload" name="test_serve_no_token" time="0.058" /><testcase classname="tests.test_new_features.TestDriverApplication" name="test_admin_stats_includes_pending" time="0.063" /><testcase classname="tests.test_new_features.TestUpload" name="test_serve_forbidden_for_other_user" time="0.099" /><testcase classname="tests.test_new_features.TestDriverApplication" name="test_admin_approve_then_driver_can_go_online" time="0.186" /><testcase classname="tests.test_new_features.TestUpload" name="test_serve_ok_for_admin" time="0.500" /><testcase classname="tests.test_new_features.TestDriverApplication" name="test_reject_flow_on_new_applicant" time="0.502" /><testcase classname="tests.test_new_features.TestBanDriver" name="test_ban_then_unban" time="0.327" /><testcase classname="tests.test_new_features.TestGcashRatingsComplaints" name="test_gcash_submit_and_confirm" time="0.667" /><testcase classname="tests.test_new_features.TestGcashRatingsComplaints" name="test_rating_flow" time="0.125" /><testcase classname="tests.test_new_features.TestGcashRatingsComplaints" name="test_driver_earnings" time="0.042" /><testcase classname="tests.test_new_features.TestGcashRatingsComplaints" name="test_complaint_flow" time="0.215" /></testsuite></testsuites>