<?xml version="1.0" encoding="utf-8"?><testsuites name="pytest tests"><testsuite name="pytest" errors="0" failures="0" skipped="0" tests="26" time="3.590" timestamp="2026-08-16T19:43:30.808584+00:00" hostname="agent-env-030f9f42-dad5-4055-a8bd-91f5d3098019"><testcase classname="tests.backend_test.TestCatalog" name="test_landmarks" time="0.197" /><testcase classname="tests.backend_test.TestAuth" name="test_signup_phone" time="0.183" /><testcase classname="tests.backend_test.TestAuth" name="test_signup_missing_creds" time="0.082" /><testcase classname="tests.backend_test.TestCatalog" name="test_stores" time="0.063" /><testcase classname="tests.backend_test.TestCatalog" name="test_store_by_id" time="0.314" /><testcase classname="tests.backend_test.TestAuth" name="test_signup_short_password" time="0.041" /><testcase classname="tests.backend_test.TestCatalog" name="test_store_404" time="0.056" /><testcase classname="tests.backend_test.TestCatalog" name="test_estimate" time="0.249" /><testcase classname="tests.backend_test.TestAuth" name="test_signup_duplicate_email" time="0.856" /><testcase classname="tests.backend_test.TestAuth" name="test_login_bad_password" time="0.304" /><testcase classname="tests.backend_test.TestAuth" name="test_login_bad_phone_name" time="0.241" /><testcase classname="tests.backend_test.TestAuth" name="test_me" time="0.061" /><testcase classname="tests.backend_test.TestAdmin" name="test_stats" time="0.938" /><testcase classname="tests.backend_test.TestAuth" name="test_me_no_token" time="0.042" /><testcase classname="tests.backend_test.TestRideFlow" name="test_ride_end_to_end" time="0.779" /><testcase classname="tests.backend_test.TestAdmin" name="test_users_list" time="0.070" /><testcase classname="tests.backend_test.TestAdmin" name="test_customer_cannot_call_admin" time="0.107" /><testcase classname="tests.backend_test.TestAdmin" name="test_change_role" time="0.419" /><testcase classname="tests.backend_test.TestAdmin" name="test_admin_orders" time="0.061" /><testcase classname="tests.backend_test.TestDriver" name="test_offline_no_requests" time="0.114" /><testcase classname="tests.backend_test.TestRideFlow" name="test_customer_can_cancel_ride" time="0.095" /><testcase classname="tests.backend_test.TestDriver" name="test_customer_cannot_call_driver_endpoints" time="0.096" /><testcase classname="tests.backend_test.TestRideFlow" name="test_customer_cannot_advance_ride" time="0.098" /><testcase classname="tests.backend_test.TestDriver" name="test_driver_active_history" time="0.159" /><testcase classname="tests.backend_test.TestOrderFlow" name="test_preset_order_flow" time="0.423" /><testcase classname="tests.backend_test.TestOrderFlow" name="test_custom_order" time="0.042" /></testsuite></testsuites>