<?xml version="1.0" encoding="utf-8"?><testsuites name="pytest tests"><testsuite name="pytest" errors="0" failures="0" skipped="0" tests="14" time="2.862" timestamp="2026-09-06T21:23:03.769165+00:00" hostname="agent-env-030f9f42-dad5-4055-a8bd-91f5d3098019"><testcase classname="tests.test_round3_pricing_eta.TestAdminConfig" name="test_public_config_open" time="0.462" /><testcase classname="tests.test_round3_pricing_eta.TestEta" name="test_order_eta_by_status" time="1.102" /><testcase classname="tests.test_round3_pricing_eta.TestEta" name="test_ride_eta_present_and_positive" time="0.355" /><testcase classname="tests.test_round3_pricing_eta.TestAdminConfig" name="test_admin_get_config_requires_admin" time="1.104" /><testcase classname="tests.test_round3_pricing_eta.TestEta" name="test_ride_eta_changes_with_status" time="0.812" /><testcase classname="tests.test_round3_pricing_eta.TestAdminConfig" name="test_admin_can_get_config" time="0.065" /><testcase classname="tests.test_round3_pricing_eta.TestAdminConfig" name="test_admin_update_persists_and_public_reflects" time="0.217" /><testcase classname="tests.test_round3_pricing_eta.TestAdminConfig" name="test_admin_config_empty_body_422" time="0.064" /><testcase classname="tests.test_round3_pricing_eta.TestAdminConfig" name="test_customer_cannot_update_config" time="0.102" /><testcase classname="tests.test_round3_pricing_eta.TestAdminUsersOrders" name="test_users_list_ok" time="0.070" /><testcase classname="tests.test_round3_pricing_eta.TestAdminUsersOrders" name="test_admin_orders_ok" time="0.072" /><testcase classname="tests.test_round3_pricing_eta.TestRideDynamicFare" name="test_ride_stores_zone_distance_and_uses_cfg" time="0.217" /><testcase classname="tests.test_round3_pricing_eta.TestPabiliDynamicFee" name="test_custom_order_with_weight_and_item_count" time="0.159" /><testcase classname="tests.test_round3_pricing_eta.TestPabiliDynamicFee" name="test_preset_order_uses_qty_as_item_count" time="0.126" /></testsuite></testsuites>